0 verbose cli /usr/local/bin/node /usr/local/bin/npm
1 info using npm@9.8.1
2 info using node@v18.18.0
3 timing npm:load:whichnode Completed in 81ms
4 timing config:load:defaults Completed in 2ms
5 timing config:load:file:/usr/local/lib/node_modules/npm/npmrc Completed in 17ms
6 timing config:load:builtin Completed in 17ms
7 warn config production Use `--omit=dev` instead.
8 timing config:load:cli Completed in 82ms
9 timing config:load:env Completed in 1ms
10 timing config:load:project Completed in 0ms
11 timing config:load:file:/home/container/.npmrc Completed in 0ms
12 timing config:load:user Completed in 0ms
13 timing config:load:file:/usr/local/etc/npmrc Completed in 0ms
14 timing config:load:global Completed in 0ms
15 timing config:load:setEnvs Completed in 1ms
16 timing config:load Completed in 105ms
17 timing npm:load:configload Completed in 105ms
18 timing config:load:flatten Completed in 84ms
19 timing npm:load:mkdirpcache Completed in 4ms
20 timing npm:load:mkdirplogs Completed in 0ms
21 verbose title npm install
22 verbose argv "install" "--production"
23 timing npm:load:setTitle Completed in 1ms
24 timing npm:load:display Completed in 6ms
25 verbose logfile logs-max:10 dir:/home/container/.npm/_logs/2023-09-30T19_13_40_911Z-
26 verbose logfile /home/container/.npm/_logs/2023-09-30T19_13_40_911Z-debug-0.log
27 timing npm:load:logFile Completed in 101ms
28 timing npm:load:timers Completed in 0ms
29 timing npm:load:configScope Completed in 0ms
30 timing npm:load Completed in 599ms
31 timing arborist:ctor Completed in 5ms
32 silly logfile done cleaning log files
33 timing idealTree:init Completed in 872ms
34 timing idealTree:userRequests Completed in 0ms
35 silly idealTree buildDeps
36 timing idealTree:#root Completed in 0ms
37 timing idealTree:buildDeps Completed in 3ms
38 timing idealTree:fixDepFlags Completed in 0ms
39 timing idealTree Completed in 882ms
40 timing arborist:ctor Completed in 0ms
41 timing reify:loadTrees Completed in 1388ms
42 timing reify:diffTrees Completed in 90ms
43 silly reify moves {}
44 timing reify:retireShallow Completed in 5ms
45 timing reify:createSparse Completed in 0ms
46 timing reify:trashOmits Completed in 0ms
47 timing reify:loadBundles Completed in 0ms
48 silly audit bulk request {
48 silly audit   '@discordjs/collection': [ '0.1.6', '1.5.3' ],
48 silly audit   '@discordjs/form-data': [ '3.0.1' ],
48 silly audit   'combined-stream': [ '1.0.8', '1.0.7' ],
48 silly audit   '@discordjs/rest': [ '2.0.1' ],
48 silly audit   '@discordjs/util': [ '1.0.1' ],
48 silly audit   '@sapphire/async-queue': [ '1.5.0' ],
48 silly audit   '@sapphire/snowflake': [ '3.5.1' ],
48 silly audit   '@vladfrangu/async_event_emitter': [ '2.2.2' ],
48 silly audit   'abort-controller': [ '3.0.0' ],
48 silly audit   ajv: [ '6.12.6' ],
48 silly audit   asn1: [ '0.2.4' ],
48 silly audit   'assert-plus': [ '1.0.0' ],
48 silly audit   asynckit: [ '0.4.0' ],
48 silly audit   'aws-sign2': [ '0.7.0' ],
48 silly audit   aws4: [ '1.8.0' ],
48 silly audit   'bcrypt-pbkdf': [ '1.0.2' ],
48 silly audit   tweetnacl: [ '0.14.5', '1.0.3' ],
48 silly audit   busboy: [ '1.6.0' ],
48 silly audit   caseless: [ '0.12.0' ],
48 silly audit   'core-util-is': [ '1.0.2' ],
48 silly audit   dashdash: [ '1.14.1' ],
48 silly audit   'delayed-stream': [ '1.0.0' ],
48 silly audit   'discord-api-types': [ '0.37.50' ],
48 silly audit   'discord.js': [ '12.5.3' ],
48 silly audit   'ecc-jsbn': [ '0.1.2' ],
48 silly audit   'event-target-shim': [ '5.0.1' ],
48 silly audit   extend: [ '3.0.2' ],
48 silly audit   extsprintf: [ '1.3.0' ],
48 silly audit   'fast-deep-equal': [ '3.1.3' ],
48 silly audit   'fast-json-stable-stringify': [ '2.0.0' ],
48 silly audit   'forever-agent': [ '0.6.1' ],
48 silly audit   'form-data': [ '2.3.3' ],
48 silly audit   getpass: [ '0.1.7' ],
48 silly audit   'har-schema': [ '2.0.0' ],
48 silly audit   'har-validator': [ '5.1.3' ],
48 silly audit   'http-signature': [ '1.2.0' ],
48 silly audit   'is-typedarray': [ '1.0.0' ],
48 silly audit   isstream: [ '0.1.2' ],
48 silly audit   jsbn: [ '0.1.1' ],
48 silly audit   'json-schema': [ '0.2.3' ],
48 silly audit   'json-schema-traverse': [ '0.4.1' ],
48 silly audit   'json-stringify-safe': [ '5.0.1' ],
48 silly audit   jsprim: [ '1.4.1' ],
48 silly audit   'magic-bytes.js': [ '1.2.0' ],
48 silly audit   'mime-db': [ '1.37.0' ],
48 silly audit   'mime-types': [ '2.1.21' ],
48 silly audit   'node-fetch': [ '2.6.7' ],
48 silly audit   'oauth-sign': [ '0.9.0' ],
48 silly audit   'performance-now': [ '2.1.0' ],
48 silly audit   'prism-media': [ '1.3.5' ],
48 silly audit   psl: [ '1.1.31' ],
48 silly audit   punycode: [ '2.1.1', '1.4.1' ],
48 silly audit   qs: [ '6.5.2' ],
48 silly audit   request: [ '2.88.0' ],
48 silly audit   'safe-buffer': [ '5.1.2' ],
48 silly audit   'safer-buffer': [ '2.1.2' ],
48 silly audit   setimmediate: [ '1.0.5' ],
48 silly audit   sshpk: [ '1.16.1' ],
48 silly audit   streamsearch: [ '1.1.0' ],
48 silly audit   'tough-cookie': [ '2.4.3' ],
48 silly audit   tr46: [ '0.0.3' ],
48 silly audit   tslib: [ '2.6.2' ],
48 silly audit   'tunnel-agent': [ '0.6.0' ],
48 silly audit   undici: [ '5.22.1' ],
48 silly audit   'uri-js': [ '4.2.2' ],
48 silly audit   uuid: [ '3.3.2' ],
48 silly audit   verror: [ '1.10.0' ],
48 silly audit   'webidl-conversions': [ '3.0.1' ],
48 silly audit   'whatwg-url': [ '5.0.0' ],
48 silly audit   ws: [ '7.4.6' ]
48 silly audit }
49 timing reify:unpack Completed in 6ms
50 timing reify:unretire Completed in 0ms
51 timing build:queue Completed in 0ms
52 timing build:deps Completed in 1ms
53 timing build Completed in 1ms
54 timing reify:build Completed in 2ms
55 timing reify:trash Completed in 0ms
56 silly audit bulk request failed undefined
57 verbose audit error FetchError: request to https://registry.npmjs.org/-/npm/v1/security/audits/quick failed, reason: getaddrinfo EAI_AGAIN registry.npmjs.org
57 verbose audit error     at ClientRequest.<anonymous> (/usr/local/lib/node_modules/npm/node_modules/minipass-fetch/lib/index.js:130:14)
57 verbose audit error     at ClientRequest.emit (node:events:517:28)
57 verbose audit error     at TLSSocket.socketErrorListener (node:_http_client:501:9)
57 verbose audit error     at TLSSocket.emit (node:events:529:35)
57 verbose audit error     at emitErrorNT (node:internal/streams/destroy:151:8)
57 verbose audit error     at emitErrorCloseNT (node:internal/streams/destroy:116:3)
57 verbose audit error     at process.processTicksAndRejections (node:internal/process/task_queues:82:21) {
57 verbose audit error   code: 'EAI_AGAIN',
57 verbose audit error   errno: 'EAI_AGAIN',
57 verbose audit error   syscall: 'getaddrinfo',
57 verbose audit error   hostname: 'registry.npmjs.org',
57 verbose audit error   type: 'system'
57 verbose audit error }
58 silly audit error undefined
59 timing auditReport:getReport Completed in 1414ms
60 silly audit report null
61 timing reify:audit Completed in 1415ms
62 timing reify:save Completed in 696ms
63 timing reify Completed in 3387ms
64 timing command:install Completed in 3503ms
65 verbose exit 0
66 timing npm Completed in 6092ms
67 info ok
