0 verbose cli /usr/local/bin/node /usr/local/bin/npm
1 info using npm@9.8.1
2 info using node@v18.18.0
3 timing npm:load:whichnode Completed in 80ms
4 timing config:load:defaults Completed in 2ms
5 timing config:load:file:/usr/local/lib/node_modules/npm/npmrc Completed in 10ms
6 timing config:load:builtin Completed in 10ms
7 warn config production Use `--omit=dev` instead.
8 timing config:load:cli Completed in 13ms
9 timing config:load:env Completed in 1ms
10 timing config:load:project Completed in 81ms
11 timing config:load:file:/home/container/.npmrc Completed in 0ms
12 timing config:load:user Completed in 0ms
13 timing config:load:file:/usr/local/etc/npmrc Completed in 0ms
14 timing config:load:global Completed in 0ms
15 timing config:load:setEnvs Completed in 1ms
16 timing config:load Completed in 109ms
17 timing npm:load:configload Completed in 110ms
18 timing config:load:flatten Completed in 4ms
19 timing npm:load:mkdirpcache Completed in 1ms
20 timing npm:load:mkdirplogs Completed in 0ms
21 verbose title npm install
22 verbose argv "install" "--production"
23 timing npm:load:setTitle Completed in 1ms
24 timing npm:load:display Completed in 2ms
25 verbose logfile logs-max:10 dir:/home/container/.npm/_logs/2023-10-10T10_44_50_712Z-
26 verbose logfile /home/container/.npm/_logs/2023-10-10T10_44_50_712Z-debug-0.log
27 timing npm:load:logFile Completed in 103ms
28 timing npm:load:timers Completed in 0ms
29 timing npm:load:configScope Completed in 0ms
30 timing npm:load Completed in 693ms
31 timing arborist:ctor Completed in 4ms
32 silly logfile start cleaning logs, removing 1 files
33 silly logfile done cleaning log files
34 timing idealTree:init Completed in 615ms
35 timing idealTree:userRequests Completed in 1ms
36 silly idealTree buildDeps
37 timing idealTree:#root Completed in 5ms
38 timing idealTree:buildDeps Completed in 16ms
39 timing idealTree:fixDepFlags Completed in 1ms
40 timing idealTree Completed in 805ms
41 timing arborist:ctor Completed in 0ms
42 timing reify:loadTrees Completed in 1297ms
43 timing reify:diffTrees Completed in 105ms
44 silly reify moves {}
45 timing reify:retireShallow Completed in 3ms
46 timing reify:createSparse Completed in 1ms
47 timing reify:trashOmits Completed in 0ms
48 timing reify:loadBundles Completed in 0ms
49 silly audit bulk request {
49 silly audit   '@discordjs/collection': [ '0.1.6', '1.5.3' ],
49 silly audit   '@discordjs/form-data': [ '3.0.1' ],
49 silly audit   'combined-stream': [ '1.0.8', '1.0.7' ],
49 silly audit   '@discordjs/rest': [ '2.0.1' ],
49 silly audit   '@discordjs/util': [ '1.0.1' ],
49 silly audit   '@sapphire/async-queue': [ '1.5.0' ],
49 silly audit   '@sapphire/snowflake': [ '3.5.1' ],
49 silly audit   '@vladfrangu/async_event_emitter': [ '2.2.2' ],
49 silly audit   'abort-controller': [ '3.0.0' ],
49 silly audit   ajv: [ '6.12.6' ],
49 silly audit   asn1: [ '0.2.4' ],
49 silly audit   'assert-plus': [ '1.0.0' ],
49 silly audit   asynckit: [ '0.4.0' ],
49 silly audit   'aws-sign2': [ '0.7.0' ],
49 silly audit   aws4: [ '1.8.0' ],
49 silly audit   'bcrypt-pbkdf': [ '1.0.2' ],
49 silly audit   tweetnacl: [ '0.14.5', '1.0.3' ],
49 silly audit   busboy: [ '1.6.0' ],
49 silly audit   caseless: [ '0.12.0' ],
49 silly audit   'core-util-is': [ '1.0.2' ],
49 silly audit   dashdash: [ '1.14.1' ],
49 silly audit   'delayed-stream': [ '1.0.0' ],
49 silly audit   'discord-api-types': [ '0.37.50' ],
49 silly audit   'discord.js': [ '12.5.3' ],
49 silly audit   'ecc-jsbn': [ '0.1.2' ],
49 silly audit   'event-target-shim': [ '5.0.1' ],
49 silly audit   extend: [ '3.0.2' ],
49 silly audit   extsprintf: [ '1.3.0' ],
49 silly audit   'fast-deep-equal': [ '3.1.3' ],
49 silly audit   'fast-json-stable-stringify': [ '2.0.0' ],
49 silly audit   'forever-agent': [ '0.6.1' ],
49 silly audit   'form-data': [ '2.3.3' ],
49 silly audit   getpass: [ '0.1.7' ],
49 silly audit   'har-schema': [ '2.0.0' ],
49 silly audit   'har-validator': [ '5.1.3' ],
49 silly audit   'http-signature': [ '1.2.0' ],
49 silly audit   'is-typedarray': [ '1.0.0' ],
49 silly audit   isstream: [ '0.1.2' ],
49 silly audit   jsbn: [ '0.1.1' ],
49 silly audit   'json-schema': [ '0.2.3' ],
49 silly audit   'json-schema-traverse': [ '0.4.1' ],
49 silly audit   'json-stringify-safe': [ '5.0.1' ],
49 silly audit   jsprim: [ '1.4.1' ],
49 silly audit   'magic-bytes.js': [ '1.2.0' ],
49 silly audit   'mime-db': [ '1.37.0' ],
49 silly audit   'mime-types': [ '2.1.21' ],
49 silly audit   'node-fetch': [ '2.6.7' ],
49 silly audit   'oauth-sign': [ '0.9.0' ],
49 silly audit   'performance-now': [ '2.1.0' ],
49 silly audit   'prism-media': [ '1.3.5' ],
49 silly audit   psl: [ '1.1.31' ],
49 silly audit   punycode: [ '2.1.1', '1.4.1' ],
49 silly audit   qs: [ '6.5.2' ],
49 silly audit   request: [ '2.88.0' ],
49 silly audit   'safe-buffer': [ '5.1.2' ],
49 silly audit   'safer-buffer': [ '2.1.2' ],
49 silly audit   setimmediate: [ '1.0.5' ],
49 silly audit   sshpk: [ '1.16.1' ],
49 silly audit   streamsearch: [ '1.1.0' ],
49 silly audit   'tough-cookie': [ '2.4.3' ],
49 silly audit   tr46: [ '0.0.3' ],
49 silly audit   tslib: [ '2.6.2' ],
49 silly audit   'tunnel-agent': [ '0.6.0' ],
49 silly audit   undici: [ '5.22.1' ],
49 silly audit   'uri-js': [ '4.2.2' ],
49 silly audit   uuid: [ '3.3.2' ],
49 silly audit   verror: [ '1.10.0' ],
49 silly audit   'webidl-conversions': [ '3.0.1' ],
49 silly audit   'whatwg-url': [ '5.0.0' ],
49 silly audit   ws: [ '7.4.6' ]
49 silly audit }
50 timing reify:unpack Completed in 4ms
51 timing reify:unretire Completed in 0ms
52 timing build:queue Completed in 0ms
53 timing build:deps Completed in 0ms
54 timing build Completed in 0ms
55 timing reify:build Completed in 1ms
56 timing reify:trash Completed in 0ms
57 silly audit bulk request failed undefined
58 timing reify:save Completed in 581ms
59 http fetch POST 200 https://registry.npmjs.org/-/npm/v1/security/audits/quick 665ms
60 timing auditReport:getReport Completed in 1589ms
61 silly audit report {
61 silly audit report   'json-schema': [
61 silly audit report     {
61 silly audit report       id: 1091472,
61 silly audit report       url: 'https://github.com/advisories/GHSA-896r-f27r-55mw',
61 silly audit report       title: 'json-schema is vulnerable to Prototype Pollution',
61 silly audit report       severity: 'critical',
61 silly audit report       vulnerable_versions: '<0.4.0'
61 silly audit report     }
61 silly audit report   ],
61 silly audit report   'tough-cookie': [
61 silly audit report     {
61 silly audit report       id: 1092470,
61 silly audit report       url: 'https://github.com/advisories/GHSA-72xf-g2v4-qvf3',
61 silly audit report       title: 'tough-cookie Prototype Pollution vulnerability',
61 silly audit report       severity: 'moderate',
61 silly audit report       vulnerable_versions: '<4.1.3'
61 silly audit report     }
61 silly audit report   ],
61 silly audit report   request: [
61 silly audit report     {
61 silly audit report       id: 1092972,
61 silly audit report       url: 'https://github.com/advisories/GHSA-p8p7-x288-28g6',
61 silly audit report       title: 'Server-Side Request Forgery in Request',
61 silly audit report       severity: 'moderate',
61 silly audit report       vulnerable_versions: '<=2.88.2'
61 silly audit report     }
61 silly audit report   ],
61 silly audit report   qs: [
61 silly audit report     {
61 silly audit report       id: 1094097,
61 silly audit report       url: 'https://github.com/advisories/GHSA-hrpp-h998-j3pp',
61 silly audit report       title: 'qs vulnerable to Prototype Pollution',
61 silly audit report       severity: 'high',
61 silly audit report       vulnerable_versions: '>=6.5.0 <6.5.3'
61 silly audit report     }
61 silly audit report   ]
61 silly audit report }
62 timing metavuln:cache:get:security-advisory:tough-cookie:VNuwVxANcCKf9fmuD0Vt2V7tyUFg0MOcTBXo66LvguhCeFU0pqdKjCffmtFFsDUZMFdCTHimURRZB0jVSz1wRg== Completed in 103ms
63 timing metavuln:cache:get:security-advisory:request:koWeGxnAvq4FABswDKpuz/5A9Fh4CEpyLScKR4Vcx8PqZAOQWapHQFcG4Z93jnNvMUUR00ZbC/YEgKSGkn+lcw== Completed in 103ms
64 timing metavuln:cache:get:security-advisory:json-schema:z2EZx4oH89DKRljqmgXyXwbvHz7kFufCV05NtPl9OJTRH3AghBvcnak8EIuGNph2TkAEMGexxAk9E3DUSUunPA== Completed in 105ms
65 timing metavuln:cache:get:security-advisory:qs:DTxlrRWiUrqzE/NusHx5bT19r3QgJFFD8fHHx+3QTlXllSHQDtcxNYbXyFKpAbJm79uv64Kv+bUe47xyYbLjsA== Completed in 102ms
66 http fetch GET 200 https://registry.npmjs.org/json-schema 402ms (cache revalidated)
67 timing metavuln:packument:json-schema Completed in 404ms
68 timing metavuln:load:security-advisory:json-schema:1091472 Completed in 1ms
69 timing metavuln:calculate:security-advisory:json-schema:1091472 Completed in 406ms
70 http fetch GET 200 https://registry.npmjs.org/tough-cookie 537ms (cache revalidated)
71 timing metavuln:packument:tough-cookie Completed in 537ms
72 timing metavuln:load:security-advisory:tough-cookie:1092470 Completed in 0ms
73 timing metavuln:calculate:security-advisory:tough-cookie:1092470 Completed in 537ms
74 http fetch GET 200 https://registry.npmjs.org/request 546ms (cache revalidated)
75 timing metavuln:packument:request Completed in 595ms
76 timing metavuln:load:security-advisory:request:1092972 Completed in 0ms
77 timing metavuln:calculate:security-advisory:request:1092972 Completed in 596ms
78 http fetch GET 200 https://registry.npmjs.org/qs 598ms (cache revalidated)
79 timing metavuln:packument:qs Completed in 600ms
80 timing metavuln:load:security-advisory:qs:1094097 Completed in 1ms
81 timing metavuln:calculate:security-advisory:qs:1094097 Completed in 601ms
82 timing metavuln:cache:get:security-advisory:jsprim:Zcetss1+mgyzBJTHtvc5oqnQJ2ptU3KNBDHt+uTmHnYpzUc0I5FXirGpeAMVDYfZqWTxuIWjI3SUT7KejwILxA== Completed in 94ms
83 http fetch GET 200 https://registry.npmjs.org/jsprim 200ms (cache revalidated)
84 timing metavuln:packument:jsprim Completed in 201ms
85 timing metavuln:load:security-advisory:jsprim:z2EZx4oH89DKRljqmgXyXwbvHz7kFufCV05NtPl9OJTRH3AghBvcnak8EIuGNph2TkAEMGexxAk9E3DUSUunPA== Completed in 0ms
86 timing metavuln:calculate:security-advisory:jsprim:z2EZx4oH89DKRljqmgXyXwbvHz7kFufCV05NtPl9OJTRH3AghBvcnak8EIuGNph2TkAEMGexxAk9E3DUSUunPA== Completed in 201ms
87 timing metavuln:cache:get:security-advisory:request:ha9I6cGuLN/1vrRjDs9jKCHGoyshzsZrn3liVXlwfWRxB2E/mWSVQsFkapkL7FqkKtl0mJVld9k3Junaf5/m0g== Completed in 10ms
88 timing metavuln:load:security-advisory:request:VNuwVxANcCKf9fmuD0Vt2V7tyUFg0MOcTBXo66LvguhCeFU0pqdKjCffmtFFsDUZMFdCTHimURRZB0jVSz1wRg== Completed in 82ms
89 timing metavuln:calculate:security-advisory:request:VNuwVxANcCKf9fmuD0Vt2V7tyUFg0MOcTBXo66LvguhCeFU0pqdKjCffmtFFsDUZMFdCTHimURRZB0jVSz1wRg== Completed in 92ms
90 timing metavuln:cache:get:security-advisory:request:oidZJow5oFOTjjPr7QIEMMWIoULz1eWuR8AWM7/6XbSVM1RaHAKclyGn6aV3HStvi4APs54SCHi0MsAtRS51TA== Completed in 8ms
91 timing metavuln:load:security-advisory:request:DTxlrRWiUrqzE/NusHx5bT19r3QgJFFD8fHHx+3QTlXllSHQDtcxNYbXyFKpAbJm79uv64Kv+bUe47xyYbLjsA== Completed in 1ms
92 timing metavuln:calculate:security-advisory:request:DTxlrRWiUrqzE/NusHx5bT19r3QgJFFD8fHHx+3QTlXllSHQDtcxNYbXyFKpAbJm79uv64Kv+bUe47xyYbLjsA== Completed in 9ms
93 timing metavuln:cache:get:security-advisory:http-signature:u+paftsSJv0kQg837QcyICKxRAtzd7+k6lA7KCvt/BCiCKRAmSi90YwUTKQkW4w4L4Q1kmMSjczvnuM/nKsQaA== Completed in 86ms
94 http fetch GET 200 https://registry.npmjs.org/http-signature 190ms (cache revalidated)
95 timing metavuln:packument:http-signature Completed in 191ms
96 timing metavuln:load:security-advisory:http-signature:Zcetss1+mgyzBJTHtvc5oqnQJ2ptU3KNBDHt+uTmHnYpzUc0I5FXirGpeAMVDYfZqWTxuIWjI3SUT7KejwILxA== Completed in 0ms
97 timing metavuln:calculate:security-advisory:http-signature:Zcetss1+mgyzBJTHtvc5oqnQJ2ptU3KNBDHt+uTmHnYpzUc0I5FXirGpeAMVDYfZqWTxuIWjI3SUT7KejwILxA== Completed in 191ms
98 timing auditReport:init Completed in 1312ms
99 timing reify:audit Completed in 2902ms
100 timing reify Completed in 4485ms
101 timing command:install Completed in 4691ms
102 verbose exit 0
103 timing npm Completed in 6686ms
104 info ok
