0 verbose cli /usr/local/bin/node /usr/local/bin/npm
1 info using npm@9.8.1
2 info using node@v18.18.0
3 timing npm:load:whichnode Completed in 84ms
4 timing config:load:defaults Completed in 2ms
5 timing config:load:file:/usr/local/lib/node_modules/npm/npmrc Completed in 3ms
6 timing config:load:builtin Completed in 3ms
7 warn config production Use `--omit=dev` instead.
8 timing config:load:cli Completed in 4ms
9 timing config:load:env Completed in 1ms
10 timing config:load:project Completed in 82ms
11 timing config:load:file:/home/container/.npmrc Completed in 0ms
12 timing config:load:user Completed in 0ms
13 timing config:load:file:/usr/local/etc/npmrc Completed in 7ms
14 timing config:load:global Completed in 8ms
15 timing config:load:setEnvs Completed in 1ms
16 timing config:load Completed in 101ms
17 timing npm:load:configload Completed in 101ms
18 timing config:load:flatten Completed in 9ms
19 timing npm:load:mkdirpcache Completed in 23ms
20 timing npm:load:mkdirplogs Completed in 77ms
21 verbose title npm install
22 verbose argv "install" "--production"
23 timing npm:load:setTitle Completed in 1ms
24 timing npm:load:display Completed in 8ms
25 verbose logfile logs-max:10 dir:/home/container/.npm/_logs/2023-09-30T19_12_16_227Z-
26 verbose logfile /home/container/.npm/_logs/2023-09-30T19_12_16_227Z-debug-0.log
27 timing npm:load:logFile Completed in 87ms
28 timing npm:load:timers Completed in 0ms
29 timing npm:load:configScope Completed in 0ms
30 timing npm:load Completed in 678ms
31 timing arborist:ctor Completed in 1ms
32 silly logfile done cleaning log files
33 timing idealTree:init Completed in 633ms
34 timing idealTree:userRequests Completed in 0ms
35 silly idealTree buildDeps
36 timing idealTree:#root Completed in 0ms
37 timing idealTree:buildDeps Completed in 1ms
38 timing idealTree:fixDepFlags Completed in 0ms
39 timing idealTree Completed in 641ms
40 timing arborist:ctor Completed in 0ms
41 timing reify:loadTrees Completed in 1328ms
42 timing reify:diffTrees Completed in 74ms
43 silly reify moves {}
44 timing reify:retireShallow Completed in 2ms
45 timing reify:createSparse Completed in 0ms
46 timing reify:trashOmits Completed in 0ms
47 timing reify:loadBundles Completed in 0ms
48 silly audit bulk request {
48 silly audit   '@discordjs/collection': [ '0.1.6', '1.5.3' ],
48 silly audit   '@discordjs/form-data': [ '3.0.1' ],
48 silly audit   'combined-stream': [ '1.0.8', '1.0.7' ],
48 silly audit   '@discordjs/rest': [ '2.0.1' ],
48 silly audit   '@discordjs/util': [ '1.0.1' ],
48 silly audit   '@sapphire/async-queue': [ '1.5.0' ],
48 silly audit   '@sapphire/snowflake': [ '3.5.1' ],
48 silly audit   '@vladfrangu/async_event_emitter': [ '2.2.2' ],
48 silly audit   'abort-controller': [ '3.0.0' ],
48 silly audit   ajv: [ '6.12.6' ],
48 silly audit   asn1: [ '0.2.4' ],
48 silly audit   'assert-plus': [ '1.0.0' ],
48 silly audit   asynckit: [ '0.4.0' ],
48 silly audit   'aws-sign2': [ '0.7.0' ],
48 silly audit   aws4: [ '1.8.0' ],
48 silly audit   'bcrypt-pbkdf': [ '1.0.2' ],
48 silly audit   tweetnacl: [ '0.14.5', '1.0.3' ],
48 silly audit   busboy: [ '1.6.0' ],
48 silly audit   caseless: [ '0.12.0' ],
48 silly audit   'core-util-is': [ '1.0.2' ],
48 silly audit   dashdash: [ '1.14.1' ],
48 silly audit   'delayed-stream': [ '1.0.0' ],
48 silly audit   'discord-api-types': [ '0.37.50' ],
48 silly audit   'discord.js': [ '12.5.3' ],
48 silly audit   'ecc-jsbn': [ '0.1.2' ],
48 silly audit   'event-target-shim': [ '5.0.1' ],
48 silly audit   extend: [ '3.0.2' ],
48 silly audit   extsprintf: [ '1.3.0' ],
48 silly audit   'fast-deep-equal': [ '3.1.3' ],
48 silly audit   'fast-json-stable-stringify': [ '2.0.0' ],
48 silly audit   'forever-agent': [ '0.6.1' ],
48 silly audit   'form-data': [ '2.3.3' ],
48 silly audit   getpass: [ '0.1.7' ],
48 silly audit   'har-schema': [ '2.0.0' ],
48 silly audit   'har-validator': [ '5.1.3' ],
48 silly audit   'http-signature': [ '1.2.0' ],
48 silly audit   'is-typedarray': [ '1.0.0' ],
48 silly audit   isstream: [ '0.1.2' ],
48 silly audit   jsbn: [ '0.1.1' ],
48 silly audit   'json-schema': [ '0.2.3' ],
48 silly audit   'json-schema-traverse': [ '0.4.1' ],
48 silly audit   'json-stringify-safe': [ '5.0.1' ],
48 silly audit   jsprim: [ '1.4.1' ],
48 silly audit   'magic-bytes.js': [ '1.2.0' ],
48 silly audit   'mime-db': [ '1.37.0' ],
48 silly audit   'mime-types': [ '2.1.21' ],
48 silly audit   'node-fetch': [ '2.6.7' ],
48 silly audit   'oauth-sign': [ '0.9.0' ],
48 silly audit   'performance-now': [ '2.1.0' ],
48 silly audit   'prism-media': [ '1.3.5' ],
48 silly audit   psl: [ '1.1.31' ],
48 silly audit   punycode: [ '2.1.1', '1.4.1' ],
48 silly audit   qs: [ '6.5.2' ],
48 silly audit   request: [ '2.88.0' ],
48 silly audit   'safe-buffer': [ '5.1.2' ],
48 silly audit   'safer-buffer': [ '2.1.2' ],
48 silly audit   setimmediate: [ '1.0.5' ],
48 silly audit   sshpk: [ '1.16.1' ],
48 silly audit   streamsearch: [ '1.1.0' ],
48 silly audit   'tough-cookie': [ '2.4.3' ],
48 silly audit   tr46: [ '0.0.3' ],
48 silly audit   tslib: [ '2.6.2' ],
48 silly audit   'tunnel-agent': [ '0.6.0' ],
48 silly audit   undici: [ '5.22.1' ],
48 silly audit   'uri-js': [ '4.2.2' ],
48 silly audit   uuid: [ '3.3.2' ],
48 silly audit   verror: [ '1.10.0' ],
48 silly audit   'webidl-conversions': [ '3.0.1' ],
48 silly audit   'whatwg-url': [ '5.0.0' ],
48 silly audit   ws: [ '7.4.6' ]
48 silly audit }
49 timing reify:unpack Completed in 1ms
50 timing reify:unretire Completed in 0ms
51 timing build:queue Completed in 0ms
52 timing build:deps Completed in 0ms
53 timing build Completed in 0ms
54 timing reify:build Completed in 1ms
55 timing reify:trash Completed in 0ms
56 timing reify:save Completed in 215ms
57 http fetch POST 200 https://registry.npmjs.org/-/npm/v1/security/advisories/bulk 507ms
58 timing auditReport:getReport Completed in 607ms
59 silly audit report {
59 silly audit report   'json-schema': [
59 silly audit report     {
59 silly audit report       id: 1091472,
59 silly audit report       url: 'https://github.com/advisories/GHSA-896r-f27r-55mw',
59 silly audit report       title: 'json-schema is vulnerable to Prototype Pollution',
59 silly audit report       severity: 'critical',
59 silly audit report       vulnerable_versions: '<0.4.0',
59 silly audit report       cwe: [Array],
59 silly audit report       cvss: [Object]
59 silly audit report     }
59 silly audit report   ],
59 silly audit report   qs: [
59 silly audit report     {
59 silly audit report       id: 1094097,
59 silly audit report       url: 'https://github.com/advisories/GHSA-hrpp-h998-j3pp',
59 silly audit report       title: 'qs vulnerable to Prototype Pollution',
59 silly audit report       severity: 'high',
59 silly audit report       vulnerable_versions: '>=6.5.0 <6.5.3',
59 silly audit report       cwe: [Array],
59 silly audit report       cvss: [Object]
59 silly audit report     }
59 silly audit report   ],
59 silly audit report   request: [
59 silly audit report     {
59 silly audit report       id: 1092972,
59 silly audit report       url: 'https://github.com/advisories/GHSA-p8p7-x288-28g6',
59 silly audit report       title: 'Server-Side Request Forgery in Request',
59 silly audit report       severity: 'moderate',
59 silly audit report       vulnerable_versions: '<=2.88.2',
59 silly audit report       cwe: [Array],
59 silly audit report       cvss: [Object]
59 silly audit report     }
59 silly audit report   ],
59 silly audit report   'tough-cookie': [
59 silly audit report     {
59 silly audit report       id: 1092470,
59 silly audit report       url: 'https://github.com/advisories/GHSA-72xf-g2v4-qvf3',
59 silly audit report       title: 'tough-cookie Prototype Pollution vulnerability',
59 silly audit report       severity: 'moderate',
59 silly audit report       vulnerable_versions: '<4.1.3',
59 silly audit report       cwe: [Array],
59 silly audit report       cvss: [Object]
59 silly audit report     }
59 silly audit report   ]
59 silly audit report }
60 timing metavuln:cache:get:security-advisory:json-schema:z2EZx4oH89DKRljqmgXyXwbvHz7kFufCV05NtPl9OJTRH3AghBvcnak8EIuGNph2TkAEMGexxAk9E3DUSUunPA== Completed in 85ms
61 timing metavuln:cache:get:security-advisory:qs:DTxlrRWiUrqzE/NusHx5bT19r3QgJFFD8fHHx+3QTlXllSHQDtcxNYbXyFKpAbJm79uv64Kv+bUe47xyYbLjsA== Completed in 80ms
62 timing metavuln:cache:get:security-advisory:request:koWeGxnAvq4FABswDKpuz/5A9Fh4CEpyLScKR4Vcx8PqZAOQWapHQFcG4Z93jnNvMUUR00ZbC/YEgKSGkn+lcw== Completed in 80ms
63 timing metavuln:cache:get:security-advisory:tough-cookie:VNuwVxANcCKf9fmuD0Vt2V7tyUFg0MOcTBXo66LvguhCeFU0pqdKjCffmtFFsDUZMFdCTHimURRZB0jVSz1wRg== Completed in 78ms
64 http fetch GET 200 https://registry.npmjs.org/json-schema 484ms (cache miss)
65 timing metavuln:packument:json-schema Completed in 489ms
66 timing metavuln:load:security-advisory:json-schema:1091472 Completed in 1ms
67 timing metavuln:cache:put:security-advisory:json-schema:z2EZx4oH89DKRljqmgXyXwbvHz7kFufCV05NtPl9OJTRH3AghBvcnak8EIuGNph2TkAEMGexxAk9E3DUSUunPA== Completed in 107ms
68 timing metavuln:calculate:security-advisory:json-schema:1091472 Completed in 598ms
69 http fetch GET 200 https://registry.npmjs.org/tough-cookie 593ms (cache miss)
70 timing metavuln:packument:tough-cookie Completed in 595ms
71 timing metavuln:load:security-advisory:tough-cookie:1092470 Completed in 2ms
72 timing metavuln:cache:put:security-advisory:tough-cookie:VNuwVxANcCKf9fmuD0Vt2V7tyUFg0MOcTBXo66LvguhCeFU0pqdKjCffmtFFsDUZMFdCTHimURRZB0jVSz1wRg== Completed in 95ms
73 timing metavuln:calculate:security-advisory:tough-cookie:1092470 Completed in 692ms
74 http fetch GET 200 https://registry.npmjs.org/qs 701ms (cache miss)
75 timing metavuln:packument:qs Completed in 708ms
76 timing metavuln:load:security-advisory:qs:1094097 Completed in 80ms
77 http fetch GET 200 https://registry.npmjs.org/request 906ms (cache miss)
78 timing metavuln:packument:request Completed in 909ms
79 timing metavuln:load:security-advisory:request:1092972 Completed in 87ms
80 timing metavuln:cache:put:security-advisory:qs:DTxlrRWiUrqzE/NusHx5bT19r3QgJFFD8fHHx+3QTlXllSHQDtcxNYbXyFKpAbJm79uv64Kv+bUe47xyYbLjsA== Completed in 299ms
81 timing metavuln:calculate:security-advisory:qs:1094097 Completed in 1089ms
82 timing metavuln:cache:put:security-advisory:request:koWeGxnAvq4FABswDKpuz/5A9Fh4CEpyLScKR4Vcx8PqZAOQWapHQFcG4Z93jnNvMUUR00ZbC/YEgKSGkn+lcw== Completed in 95ms
83 timing metavuln:calculate:security-advisory:request:1092972 Completed in 1091ms
84 timing metavuln:cache:get:security-advisory:jsprim:Zcetss1+mgyzBJTHtvc5oqnQJ2ptU3KNBDHt+uTmHnYpzUc0I5FXirGpeAMVDYfZqWTxuIWjI3SUT7KejwILxA== Completed in 5ms
85 http fetch GET 200 https://registry.npmjs.org/jsprim 191ms (cache miss)
86 timing metavuln:packument:jsprim Completed in 191ms
87 timing metavuln:load:security-advisory:jsprim:z2EZx4oH89DKRljqmgXyXwbvHz7kFufCV05NtPl9OJTRH3AghBvcnak8EIuGNph2TkAEMGexxAk9E3DUSUunPA== Completed in 11ms
88 timing metavuln:cache:put:security-advisory:jsprim:Zcetss1+mgyzBJTHtvc5oqnQJ2ptU3KNBDHt+uTmHnYpzUc0I5FXirGpeAMVDYfZqWTxuIWjI3SUT7KejwILxA== Completed in 105ms
89 timing metavuln:calculate:security-advisory:jsprim:z2EZx4oH89DKRljqmgXyXwbvHz7kFufCV05NtPl9OJTRH3AghBvcnak8EIuGNph2TkAEMGexxAk9E3DUSUunPA== Completed in 307ms
90 timing metavuln:cache:get:security-advisory:request:oidZJow5oFOTjjPr7QIEMMWIoULz1eWuR8AWM7/6XbSVM1RaHAKclyGn6aV3HStvi4APs54SCHi0MsAtRS51TA== Completed in 1ms
91 timing metavuln:load:security-advisory:request:DTxlrRWiUrqzE/NusHx5bT19r3QgJFFD8fHHx+3QTlXllSHQDtcxNYbXyFKpAbJm79uv64Kv+bUe47xyYbLjsA== Completed in 99ms
92 http fetch GET 200 https://registry.npmjs.org/npm 4312ms (cache miss)
93 timing metavuln:cache:put:security-advisory:request:oidZJow5oFOTjjPr7QIEMMWIoULz1eWuR8AWM7/6XbSVM1RaHAKclyGn6aV3HStvi4APs54SCHi0MsAtRS51TA== Completed in 600ms
94 timing metavuln:calculate:security-advisory:request:DTxlrRWiUrqzE/NusHx5bT19r3QgJFFD8fHHx+3QTlXllSHQDtcxNYbXyFKpAbJm79uv64Kv+bUe47xyYbLjsA== Completed in 700ms
95 timing metavuln:cache:get:security-advisory:request:ha9I6cGuLN/1vrRjDs9jKCHGoyshzsZrn3liVXlwfWRxB2E/mWSVQsFkapkL7FqkKtl0mJVld9k3Junaf5/m0g== Completed in 3ms
96 timing metavuln:load:security-advisory:request:VNuwVxANcCKf9fmuD0Vt2V7tyUFg0MOcTBXo66LvguhCeFU0pqdKjCffmtFFsDUZMFdCTHimURRZB0jVSz1wRg== Completed in 201ms
97 timing metavuln:cache:put:security-advisory:request:ha9I6cGuLN/1vrRjDs9jKCHGoyshzsZrn3liVXlwfWRxB2E/mWSVQsFkapkL7FqkKtl0mJVld9k3Junaf5/m0g== Completed in 102ms
98 timing metavuln:calculate:security-advisory:request:VNuwVxANcCKf9fmuD0Vt2V7tyUFg0MOcTBXo66LvguhCeFU0pqdKjCffmtFFsDUZMFdCTHimURRZB0jVSz1wRg== Completed in 306ms
99 timing metavuln:cache:get:security-advisory:http-signature:u+paftsSJv0kQg837QcyICKxRAtzd7+k6lA7KCvt/BCiCKRAmSi90YwUTKQkW4w4L4Q1kmMSjczvnuM/nKsQaA== Completed in 4ms
100 http fetch GET 200 https://registry.npmjs.org/http-signature 134ms (cache miss)
101 timing metavuln:packument:http-signature Completed in 136ms
102 timing metavuln:load:security-advisory:http-signature:Zcetss1+mgyzBJTHtvc5oqnQJ2ptU3KNBDHt+uTmHnYpzUc0I5FXirGpeAMVDYfZqWTxuIWjI3SUT7KejwILxA== Completed in 2ms
103 timing metavuln:cache:put:security-advisory:http-signature:u+paftsSJv0kQg837QcyICKxRAtzd7+k6lA7KCvt/BCiCKRAmSi90YwUTKQkW4w4L4Q1kmMSjczvnuM/nKsQaA== Completed in 2ms
104 timing metavuln:calculate:security-advisory:http-signature:Zcetss1+mgyzBJTHtvc5oqnQJ2ptU3KNBDHt+uTmHnYpzUc0I5FXirGpeAMVDYfZqWTxuIWjI3SUT7KejwILxA== Completed in 140ms
105 timing auditReport:init Completed in 2746ms
106 timing reify:audit Completed in 3356ms
107 timing reify Completed in 5588ms
108 timing command:install Completed in 5788ms
109 notice
109 notice New [31mmajor[39m version of npm available! [31m9.8.1[39m -> [32m10.1.0[39m
109 notice Changelog: [36mhttps://github.com/npm/cli/releases/tag/v10.1.0[39m
109 notice Run [32mnpm install -g npm@10.1.0[39m to update!
109 notice
110 verbose exit 0
111 timing npm Completed in 7775ms
112 info ok
