0 verbose cli /usr/local/bin/node /usr/local/bin/npm
1 info using npm@9.8.1
2 info using node@v18.18.0
3 timing npm:load:whichnode Completed in 15ms
4 timing config:load:defaults Completed in 2ms
5 timing config:load:file:/usr/local/lib/node_modules/npm/npmrc Completed in 2ms
6 timing config:load:builtin Completed in 7ms
7 warn config production Use `--omit=dev` instead.
8 timing config:load:cli Completed in 3ms
9 timing config:load:env Completed in 1ms
10 timing config:load:project Completed in 72ms
11 timing config:load:file:/home/container/.npmrc Completed in 5ms
12 timing config:load:user Completed in 5ms
13 timing config:load:file:/usr/local/etc/npmrc Completed in 0ms
14 timing config:load:global Completed in 0ms
15 timing config:load:setEnvs Completed in 1ms
16 timing config:load Completed in 92ms
17 timing npm:load:configload Completed in 92ms
18 timing config:load:flatten Completed in 76ms
19 timing npm:load:mkdirpcache Completed in 4ms
20 timing npm:load:mkdirplogs Completed in 2ms
21 verbose title npm install
22 verbose argv "install" "--production"
23 timing npm:load:setTitle Completed in 2ms
24 timing npm:load:display Completed in 6ms
25 verbose logfile logs-max:10 dir:/home/container/.npm/_logs/2023-10-03T07_26_49_998Z-
26 verbose logfile /home/container/.npm/_logs/2023-10-03T07_26_49_998Z-debug-0.log
27 timing npm:load:logFile Completed in 117ms
28 timing npm:load:timers Completed in 0ms
29 timing npm:load:configScope Completed in 0ms
30 timing npm:load Completed in 907ms
31 timing arborist:ctor Completed in 1ms
32 silly logfile done cleaning log files
33 timing idealTree:init Completed in 1017ms
34 timing idealTree:userRequests Completed in 0ms
35 silly idealTree buildDeps
36 timing idealTree:#root Completed in 0ms
37 timing idealTree:buildDeps Completed in 2ms
38 timing idealTree:fixDepFlags Completed in 0ms
39 timing idealTree Completed in 1026ms
40 timing arborist:ctor Completed in 0ms
41 timing reify:loadTrees Completed in 1782ms
42 timing reify:diffTrees Completed in 25ms
43 silly reify moves {}
44 timing reify:retireShallow Completed in 87ms
45 timing reify:createSparse Completed in 1ms
46 timing reify:trashOmits Completed in 10ms
47 timing reify:loadBundles Completed in 0ms
48 silly audit bulk request {
48 silly audit   '@discordjs/collection': [ '0.1.6', '1.5.3' ],
48 silly audit   '@discordjs/form-data': [ '3.0.1' ],
48 silly audit   'combined-stream': [ '1.0.8', '1.0.7' ],
48 silly audit   '@discordjs/rest': [ '2.0.1' ],
48 silly audit   '@discordjs/util': [ '1.0.1' ],
48 silly audit   '@sapphire/async-queue': [ '1.5.0' ],
48 silly audit   '@sapphire/snowflake': [ '3.5.1' ],
48 silly audit   '@vladfrangu/async_event_emitter': [ '2.2.2' ],
48 silly audit   'abort-controller': [ '3.0.0' ],
48 silly audit   ajv: [ '6.12.6' ],
48 silly audit   asn1: [ '0.2.4' ],
48 silly audit   'assert-plus': [ '1.0.0' ],
48 silly audit   asynckit: [ '0.4.0' ],
48 silly audit   'aws-sign2': [ '0.7.0' ],
48 silly audit   aws4: [ '1.8.0' ],
48 silly audit   'bcrypt-pbkdf': [ '1.0.2' ],
48 silly audit   tweetnacl: [ '0.14.5', '1.0.3' ],
48 silly audit   busboy: [ '1.6.0' ],
48 silly audit   caseless: [ '0.12.0' ],
48 silly audit   'core-util-is': [ '1.0.2' ],
48 silly audit   dashdash: [ '1.14.1' ],
48 silly audit   'delayed-stream': [ '1.0.0' ],
48 silly audit   'discord-api-types': [ '0.37.50' ],
48 silly audit   'discord.js': [ '12.5.3' ],
48 silly audit   'ecc-jsbn': [ '0.1.2' ],
48 silly audit   'event-target-shim': [ '5.0.1' ],
48 silly audit   extend: [ '3.0.2' ],
48 silly audit   extsprintf: [ '1.3.0' ],
48 silly audit   'fast-deep-equal': [ '3.1.3' ],
48 silly audit   'fast-json-stable-stringify': [ '2.0.0' ],
48 silly audit   'forever-agent': [ '0.6.1' ],
48 silly audit   'form-data': [ '2.3.3' ],
48 silly audit   getpass: [ '0.1.7' ],
48 silly audit   'har-schema': [ '2.0.0' ],
48 silly audit   'har-validator': [ '5.1.3' ],
48 silly audit   'http-signature': [ '1.2.0' ],
48 silly audit   'is-typedarray': [ '1.0.0' ],
48 silly audit   isstream: [ '0.1.2' ],
48 silly audit   jsbn: [ '0.1.1' ],
48 silly audit   'json-schema': [ '0.2.3' ],
48 silly audit   'json-schema-traverse': [ '0.4.1' ],
48 silly audit   'json-stringify-safe': [ '5.0.1' ],
48 silly audit   jsprim: [ '1.4.1' ],
48 silly audit   'magic-bytes.js': [ '1.2.0' ],
48 silly audit   'mime-db': [ '1.37.0' ],
48 silly audit   'mime-types': [ '2.1.21' ],
48 silly audit   'node-fetch': [ '2.6.7' ],
48 silly audit   'oauth-sign': [ '0.9.0' ],
48 silly audit   'performance-now': [ '2.1.0' ],
48 silly audit   'prism-media': [ '1.3.5' ],
48 silly audit   psl: [ '1.1.31' ],
48 silly audit   punycode: [ '2.1.1', '1.4.1' ],
48 silly audit   qs: [ '6.5.2' ],
48 silly audit   request: [ '2.88.0' ],
48 silly audit   'safe-buffer': [ '5.1.2' ],
48 silly audit   'safer-buffer': [ '2.1.2' ],
48 silly audit   setimmediate: [ '1.0.5' ],
48 silly audit   sshpk: [ '1.16.1' ],
48 silly audit   streamsearch: [ '1.1.0' ],
48 silly audit   'tough-cookie': [ '2.4.3' ],
48 silly audit   tr46: [ '0.0.3' ],
48 silly audit   tslib: [ '2.6.2' ],
48 silly audit   'tunnel-agent': [ '0.6.0' ],
48 silly audit   undici: [ '5.22.1' ],
48 silly audit   'uri-js': [ '4.2.2' ],
48 silly audit   uuid: [ '3.3.2' ],
48 silly audit   verror: [ '1.10.0' ],
48 silly audit   'webidl-conversions': [ '3.0.1' ],
48 silly audit   'whatwg-url': [ '5.0.0' ],
48 silly audit   ws: [ '7.4.6' ]
48 silly audit }
49 timing reify:unpack Completed in 6ms
50 timing reify:unretire Completed in 0ms
51 timing build:queue Completed in 0ms
52 timing build:deps Completed in 1ms
53 timing build Completed in 1ms
54 timing reify:build Completed in 2ms
55 timing reify:trash Completed in 0ms
56 timing reify:save Completed in 792ms
57 http fetch POST 200 https://registry.npmjs.org/-/npm/v1/security/advisories/bulk 1833ms
58 timing auditReport:getReport Completed in 1929ms
59 silly audit report {
59 silly audit report   'json-schema': [
59 silly audit report     {
59 silly audit report       id: 1091472,
59 silly audit report       url: 'https://github.com/advisories/GHSA-896r-f27r-55mw',
59 silly audit report       title: 'json-schema is vulnerable to Prototype Pollution',
59 silly audit report       severity: 'critical',
59 silly audit report       vulnerable_versions: '<0.4.0',
59 silly audit report       cwe: [Array],
59 silly audit report       cvss: [Object]
59 silly audit report     }
59 silly audit report   ],
59 silly audit report   qs: [
59 silly audit report     {
59 silly audit report       id: 1094097,
59 silly audit report       url: 'https://github.com/advisories/GHSA-hrpp-h998-j3pp',
59 silly audit report       title: 'qs vulnerable to Prototype Pollution',
59 silly audit report       severity: 'high',
59 silly audit report       vulnerable_versions: '>=6.5.0 <6.5.3',
59 silly audit report       cwe: [Array],
59 silly audit report       cvss: [Object]
59 silly audit report     }
59 silly audit report   ],
59 silly audit report   request: [
59 silly audit report     {
59 silly audit report       id: 1092972,
59 silly audit report       url: 'https://github.com/advisories/GHSA-p8p7-x288-28g6',
59 silly audit report       title: 'Server-Side Request Forgery in Request',
59 silly audit report       severity: 'moderate',
59 silly audit report       vulnerable_versions: '<=2.88.2',
59 silly audit report       cwe: [Array],
59 silly audit report       cvss: [Object]
59 silly audit report     }
59 silly audit report   ],
59 silly audit report   'tough-cookie': [
59 silly audit report     {
59 silly audit report       id: 1092470,
59 silly audit report       url: 'https://github.com/advisories/GHSA-72xf-g2v4-qvf3',
59 silly audit report       title: 'tough-cookie Prototype Pollution vulnerability',
59 silly audit report       severity: 'moderate',
59 silly audit report       vulnerable_versions: '<4.1.3',
59 silly audit report       cwe: [Array],
59 silly audit report       cvss: [Object]
59 silly audit report     }
59 silly audit report   ]
59 silly audit report }
60 timing metavuln:cache:get:security-advisory:json-schema:z2EZx4oH89DKRljqmgXyXwbvHz7kFufCV05NtPl9OJTRH3AghBvcnak8EIuGNph2TkAEMGexxAk9E3DUSUunPA== Completed in 144ms
61 timing metavuln:cache:get:security-advisory:qs:DTxlrRWiUrqzE/NusHx5bT19r3QgJFFD8fHHx+3QTlXllSHQDtcxNYbXyFKpAbJm79uv64Kv+bUe47xyYbLjsA== Completed in 143ms
62 timing metavuln:cache:get:security-advisory:request:koWeGxnAvq4FABswDKpuz/5A9Fh4CEpyLScKR4Vcx8PqZAOQWapHQFcG4Z93jnNvMUUR00ZbC/YEgKSGkn+lcw== Completed in 142ms
63 timing metavuln:cache:get:security-advisory:tough-cookie:VNuwVxANcCKf9fmuD0Vt2V7tyUFg0MOcTBXo66LvguhCeFU0pqdKjCffmtFFsDUZMFdCTHimURRZB0jVSz1wRg== Completed in 150ms
64 http fetch GET 200 https://registry.npmjs.org/qs 352ms (cache hit)
65 timing metavuln:packument:qs Completed in 354ms
66 timing metavuln:load:security-advisory:qs:1094097 Completed in 2ms
67 timing metavuln:calculate:security-advisory:qs:1094097 Completed in 358ms
68 http fetch GET 200 https://registry.npmjs.org/json-schema 358ms (cache hit)
69 timing metavuln:packument:json-schema Completed in 360ms
70 timing metavuln:load:security-advisory:json-schema:1091472 Completed in 0ms
71 timing metavuln:calculate:security-advisory:json-schema:1091472 Completed in 360ms
72 http fetch GET 200 https://registry.npmjs.org/tough-cookie 435ms (cache hit)
73 timing metavuln:packument:tough-cookie Completed in 437ms
74 timing metavuln:load:security-advisory:tough-cookie:1092470 Completed in 0ms
75 timing metavuln:calculate:security-advisory:tough-cookie:1092470 Completed in 438ms
76 http fetch GET 200 https://registry.npmjs.org/request 439ms (cache hit)
77 timing metavuln:packument:request Completed in 445ms
78 timing metavuln:load:security-advisory:request:1092972 Completed in 2ms
79 timing metavuln:calculate:security-advisory:request:1092972 Completed in 447ms
80 timing metavuln:cache:get:security-advisory:jsprim:Zcetss1+mgyzBJTHtvc5oqnQJ2ptU3KNBDHt+uTmHnYpzUc0I5FXirGpeAMVDYfZqWTxuIWjI3SUT7KejwILxA== Completed in 94ms
81 http fetch GET 200 https://registry.npmjs.org/jsprim 102ms (cache hit)
82 timing metavuln:packument:jsprim Completed in 103ms
83 timing metavuln:load:security-advisory:jsprim:z2EZx4oH89DKRljqmgXyXwbvHz7kFufCV05NtPl9OJTRH3AghBvcnak8EIuGNph2TkAEMGexxAk9E3DUSUunPA== Completed in 0ms
84 timing metavuln:calculate:security-advisory:jsprim:z2EZx4oH89DKRljqmgXyXwbvHz7kFufCV05NtPl9OJTRH3AghBvcnak8EIuGNph2TkAEMGexxAk9E3DUSUunPA== Completed in 103ms
85 timing metavuln:cache:get:security-advisory:request:oidZJow5oFOTjjPr7QIEMMWIoULz1eWuR8AWM7/6XbSVM1RaHAKclyGn6aV3HStvi4APs54SCHi0MsAtRS51TA== Completed in 90ms
86 timing metavuln:load:security-advisory:request:DTxlrRWiUrqzE/NusHx5bT19r3QgJFFD8fHHx+3QTlXllSHQDtcxNYbXyFKpAbJm79uv64Kv+bUe47xyYbLjsA== Completed in 4ms
87 timing metavuln:calculate:security-advisory:request:DTxlrRWiUrqzE/NusHx5bT19r3QgJFFD8fHHx+3QTlXllSHQDtcxNYbXyFKpAbJm79uv64Kv+bUe47xyYbLjsA== Completed in 94ms
88 timing metavuln:cache:get:security-advisory:request:ha9I6cGuLN/1vrRjDs9jKCHGoyshzsZrn3liVXlwfWRxB2E/mWSVQsFkapkL7FqkKtl0mJVld9k3Junaf5/m0g== Completed in 88ms
89 timing metavuln:load:security-advisory:request:VNuwVxANcCKf9fmuD0Vt2V7tyUFg0MOcTBXo66LvguhCeFU0pqdKjCffmtFFsDUZMFdCTHimURRZB0jVSz1wRg== Completed in 1ms
90 timing metavuln:calculate:security-advisory:request:VNuwVxANcCKf9fmuD0Vt2V7tyUFg0MOcTBXo66LvguhCeFU0pqdKjCffmtFFsDUZMFdCTHimURRZB0jVSz1wRg== Completed in 90ms
91 timing metavuln:cache:get:security-advisory:http-signature:u+paftsSJv0kQg837QcyICKxRAtzd7+k6lA7KCvt/BCiCKRAmSi90YwUTKQkW4w4L4Q1kmMSjczvnuM/nKsQaA== Completed in 91ms
92 http fetch GET 200 https://registry.npmjs.org/http-signature 96ms (cache hit)
93 timing metavuln:packument:http-signature Completed in 98ms
94 timing metavuln:load:security-advisory:http-signature:Zcetss1+mgyzBJTHtvc5oqnQJ2ptU3KNBDHt+uTmHnYpzUc0I5FXirGpeAMVDYfZqWTxuIWjI3SUT7KejwILxA== Completed in 0ms
95 timing metavuln:calculate:security-advisory:http-signature:Zcetss1+mgyzBJTHtvc5oqnQJ2ptU3KNBDHt+uTmHnYpzUc0I5FXirGpeAMVDYfZqWTxuIWjI3SUT7KejwILxA== Completed in 98ms
96 timing auditReport:init Completed in 1152ms
97 timing reify:audit Completed in 3085ms
98 timing reify Completed in 5177ms
99 timing command:install Completed in 5483ms
100 verbose exit 0
101 timing npm Completed in 8615ms
102 info ok
